<?xml version="1.0" encoding="UTF-8"?>
<testng-results ignored="0" total="2" passed="2" failed="0" skipped="0">
  <reporter-output>
  </reporter-output>
  <suite started-at="2024-10-22T23:21:53 IST" name="MyTestSuite" finished-at="2024-10-22T23:21:55 IST" duration-ms="1995">
    <groups>
    </groups>
    <test started-at="2024-10-22T23:21:53 IST" name="MyTests" finished-at="2024-10-22T23:21:55 IST" duration-ms="1995">
      <class name="test.TestClass">
        <test-method is-config="true" signature="initiateService()[pri:0, instance:test.TestClass@2766ca9d]" started-at="2024-10-22T23:21:53 IST" name="initiateService" finished-at="2024-10-22T23:21:53 IST" duration-ms="3" status="PASS">
          <reporter-output>
          </reporter-output>
        </test-method> <!-- initiateService -->
        <test-method signature="test_createObject()[pri:0, instance:test.TestClass@2766ca9d]" started-at="2024-10-22T23:21:53 IST" name="test_createObject" finished-at="2024-10-22T23:21:54 IST" duration-ms="1869" status="PASS">
          <reporter-output>
          </reporter-output>
        </test-method> <!-- test_createObject -->
        <test-method signature="test_validateObjectId()[pri:0, instance:test.TestClass@2766ca9d]" started-at="2024-10-22T23:21:55 IST" name="test_validateObjectId" finished-at="2024-10-22T23:21:55 IST" depends-on-methods="test.TestClass.test_createObject" duration-ms="0" status="PASS">
          <reporter-output>
          </reporter-output>
        </test-method> <!-- test_validateObjectId -->
      </class> <!-- test.TestClass -->
      <class name="test.BaseClass">
        <test-method is-config="true" signature="prerequisites(java.lang.String)[pri:0, instance:test.BaseClass@8c3619e]" started-at="2024-10-22T23:21:53 IST" name="prerequisites" finished-at="2024-10-22T23:21:53 IST" duration-ms="5" status="PASS">
          <params>
            <param index="0">
              <value>
                <![CDATA[dev]]>
              </value>
            </param>
          </params>
          <reporter-output>
          </reporter-output>
        </test-method> <!-- prerequisites -->
      </class> <!-- test.BaseClass -->
    </test> <!-- MyTests -->
  </suite> <!-- MyTestSuite -->
</testng-results>
