<?xml version="1.0" encoding="UTF-8"?>
<testsuite xmlns:xsi="http://www.w3.org/2001/XMLSchema-instance" xsi:noNamespaceSchemaLocation="https://maven.apache.org/surefire/maven-surefire-plugin/xsd/surefire-test-report-3.0.xsd" version="3.0" name="TestSuite" time="7.377" tests="2" errors="0" skipped="0" failures="0">
  <properties>
[...]
</properties>
  <testcase name="test_createObject" classname="test.TestClass" time="1.977">
    <system-out><![CDATA[dev
2024-10-22 23:21:53 INFO  [main] d.r.a.c.u.RestUtils:55 - BASEURL -> https://api.restful-api.dev/
2024-10-22 23:21:53 INFO  [main] d.r.a.c.u.RestUtils:56 - ENDPOINT -> objects
2024-10-22 23:21:53 INFO  [main] d.r.a.c.u.RestUtils:83 - Request body : {"name":"6CF54DE7","data":{"year":2019,"price":1849.99,"CPU model":"Intel Core i9","Hard disk size":"1 TB"}}
2024-10-22 23:21:54 INFO  [main] d.r.a.c.u.RestUtils:86 - [POST] : https://api.restful-api.dev/objects status code : 200
2024-10-22 23:21:54 INFO  [main] t.TestClass:31 - test response ::: 
2024-10-22 23:21:54 INFO  [main] t.TestClass:32 - test response ::: 
2024-10-22 23:21:54 INFO  [main] d.r.a.c.u.RestUtils:203 - actual response code is {200} and expected response code is {200}
]]></system-out>
  </testcase>
  <testcase name="test_validateObjectId" classname="test.TestClass" time="0.004"/>
</testsuite>